<?xml version="1.0" encoding="UTF-8"?>
<testsuite name="BarTest" tests="1" skipped="0" failures="0" errors="0" timestamp="2020-10-19T19:23:53" hostname="DESKTOP-AAOUO1K" time="0.001">
  <properties/>
  <testcase name="happyHour" classname="BarTest" time="0.001"/>
  <system-out><![CDATA[]]></system-out>
  <system-err><![CDATA[]]></system-err>
</testsuite>
